<?xml version="1.0" encoding="UTF-8"?>
<!-- Generated by org.testng.reporters.JUnitXMLReporter -->
<testsuite ignored="0" hostname="DESKTOP-HBRT417" failures="0" tests="7" name="TestOnChrome" time="42.894" errors="0" timestamp="2024-05-05T14:40:09 IST">
  <testcase classname="class57_ParallelExecution.LoginTextAssign" name="loginApplication" time="4.892"/>
  <testcase classname="class57_ParallelExecution.LoginTextAssign" name="createCategory" time="1.579"/>
  <testcase classname="class57_ParallelExecution.LoginTextAssign" name="verifyCategory" time="4.158"/>
  <testcase classname="class57_ParallelExecution.LoginTextAssign" name="updateCategory" time="4.144"/>
  <testcase classname="class57_ParallelExecution.LoginTextAssign" name="deleteCategory" time="10.876"/>
  <testcase classname="class57_ParallelExecution.LoginTextAssign" name="deleteCategoryFromSignup" time="12.917"/>
  <testcase classname="class57_ParallelExecution.LoginTextAssign" name="logoutFromApplication" time="0.676"/>
</testsuite> <!-- TestOnChrome -->
