<?xml version="1.0" encoding="UTF-8"?>
<!-- Generated by org.testng.reporters.JUnitXMLReporter -->
<testsuite ignored="0" hostname="DESKTOP-HBRT417" failures="0" tests="7" name="TestOnEdge" time="43.605" errors="0" timestamp="2024-05-05T14:41:39 IST">
  <testcase classname="class57_ParallelExecution.LoginTextAssign" name="loginApplication" time="3.264"/>
  <testcase classname="class57_ParallelExecution.LoginTextAssign" name="createCategory" time="2.02"/>
  <testcase classname="class57_ParallelExecution.LoginTextAssign" name="verifyCategory" time="4.733"/>
  <testcase classname="class57_ParallelExecution.LoginTextAssign" name="updateCategory" time="4.701"/>
  <testcase classname="class57_ParallelExecution.LoginTextAssign" name="deleteCategory" time="11.321"/>
  <testcase classname="class57_ParallelExecution.LoginTextAssign" name="deleteCategoryFromSignup" time="12.657"/>
  <testcase classname="class57_ParallelExecution.LoginTextAssign" name="logoutFromApplication" time="0.611"/>
</testsuite> <!-- TestOnEdge -->
