<?xml version="1.0" encoding="UTF-8"?>
<!-- Generated by org.testng.reporters.JUnitXMLReporter -->
<testsuite ignored="0" hostname="DESKTOP-HBRT417" failures="0" tests="7" name="Test" time="51.314" errors="0" timestamp="2024-05-05T14:32:54 IST">
  <testcase classname="class57_ParallelExecution.LoginTextAssign" name="loginApplication" time="4.345"/>
  <testcase classname="class57_ParallelExecution.LoginTextAssign" name="createCategory" time="1.581"/>
  <testcase classname="class57_ParallelExecution.LoginTextAssign" name="verifyCategory" time="3.366"/>
  <testcase classname="class57_ParallelExecution.LoginTextAssign" name="updateCategory" time="4.784"/>
  <testcase classname="class57_ParallelExecution.LoginTextAssign" name="deleteCategory" time="11.027"/>
  <testcase classname="class57_ParallelExecution.LoginTextAssign" name="deleteCategoryFromSignup" time="13.359"/>
  <testcase classname="class57_ParallelExecution.LoginTextAssign" name="logoutFromApplication" time="0.503"/>
</testsuite> <!-- Test -->
