<?xml version="1.0" encoding="UTF-8"?>
<!-- Generated by org.testng.reporters.JUnitXMLReporter -->
<testsuite ignored="0" hostname="DESKTOP-HBRT417" failures="0" tests="7" name="TestOnFirefox" time="46.23" errors="0" timestamp="2024-05-05T14:40:55 IST">
  <testcase classname="class57_ParallelExecution.LoginTextAssign" name="loginApplication" time="3.769"/>
  <testcase classname="class57_ParallelExecution.LoginTextAssign" name="createCategory" time="1.366"/>
  <testcase classname="class57_ParallelExecution.LoginTextAssign" name="verifyCategory" time="3.648"/>
  <testcase classname="class57_ParallelExecution.LoginTextAssign" name="updateCategory" time="4.185"/>
  <testcase classname="class57_ParallelExecution.LoginTextAssign" name="deleteCategory" time="11.08"/>
  <testcase classname="class57_ParallelExecution.LoginTextAssign" name="deleteCategoryFromSignup" time="13.396"/>
  <testcase classname="class57_ParallelExecution.LoginTextAssign" name="logoutFromApplication" time="0.474"/>
</testsuite> <!-- TestOnFirefox -->
