<?xml version="1.0" encoding="UTF-8"?>
<testng-results ignored="0" total="1" passed="1" failed="0" skipped="0">
  <reporter-output>
  </reporter-output>
  <suite started-at="2024-05-12T14:10:43 IST" name="Default suite" finished-at="2024-05-12T14:10:43 IST" duration-ms="88">
    <groups>
    </groups>
    <test started-at="2024-05-12T14:10:43 IST" name="Default test" finished-at="2024-05-12T14:10:43 IST" duration-ms="88">
      <class name="class64_propertiesFile.ReadConfigFile2">
        <test-method signature="readConfig()[pri:0, instance:class64_propertiesFile.ReadConfigFile2@1e04fa0a]" started-at="2024-05-12T14:10:43 IST" name="readConfig" finished-at="2024-05-12T14:10:43 IST" duration-ms="19" status="PASS">
          <reporter-output>
          </reporter-output>
        </test-method> <!-- readConfig -->
      </class> <!-- class64_propertiesFile.ReadConfigFile2 -->
    </test> <!-- Default test -->
  </suite> <!-- Default suite -->
</testng-results>
